<?xml version="1.0" encoding="UTF-8"?>
<testng-results skipped="0" failed="0" total="2" passed="2">
  <reporter-output>
  </reporter-output>
  <suite name="Suite" duration-ms="75" started-at="2019-08-05T05:40:07Z" finished-at="2019-08-05T05:40:07Z">
    <groups>
      <group name="Regtest">
        <method signature="AnnotationsTest.Registration()[pri:0, instance:annotationsTest.AnnotationsTest@7c0e2abd]" name="Registration" class="annotationsTest.AnnotationsTest"/>
        <method signature="AnnotationsTest.login()[pri:0, instance:annotationsTest.AnnotationsTest@7c0e2abd]" name="login" class="annotationsTest.AnnotationsTest"/>
      </group> <!-- Regtest -->
    </groups>
    <test name="Test" duration-ms="75" started-at="2019-08-05T05:40:07Z" finished-at="2019-08-05T05:40:07Z">
      <class name="annotationsTest.AnnotationsTest">
        <test-method status="PASS" signature="login()[pri:0, instance:annotationsTest.AnnotationsTest@7c0e2abd]" name="login" duration-ms="31" started-at="2019-08-04T22:40:07Z" finished-at="2019-08-04T22:40:07Z">
          <reporter-output>
          </reporter-output>
        </test-method> <!-- login -->
        <test-method status="PASS" signature="Registration()[pri:0, instance:annotationsTest.AnnotationsTest@7c0e2abd]" name="Registration" duration-ms="7" started-at="2019-08-04T22:40:07Z" finished-at="2019-08-04T22:40:07Z">
          <reporter-output>
          </reporter-output>
        </test-method> <!-- Registration -->
      </class> <!-- annotationsTest.AnnotationsTest -->
    </test> <!-- Test -->
  </suite> <!-- Suite -->
</testng-results>
